<?xml version="1.0" encoding="UTF-8"?>
<testsuite xmlns:xsi="http://www.w3.org/2001/XMLSchema-instance" xsi:noNamespaceSchemaLocation="https://maven.apache.org/surefire/maven-surefire-plugin/xsd/surefire-test-report.xsd" name="runner.TestRunner" time="200.695" tests="14" errors="2" skipped="0" failures="0">
  <properties>
[...]
</properties>
  <testcase name="Login With Valid Credentials #1" classname="User Login" time="11.269"/>
  <testcase name="Login With Valid Credentials #2" classname="User Login" time="9.894"/>
  <testcase name="Login With Valid Credentials #3" classname="User Login" time="10.265"/>
  <testcase name="Login With Invalid Credentials" classname="User Login" time="11.348"/>
  <testcase name="Login With valid Email Invalid password" classname="User Login" time="10.396"/>
  <testcase name="Login With Invalid Email valid password" classname="User Login" time="10.462"/>
  <testcase name="Login Without filling any details" classname="User Login" time="10.392"/>
  <testcase name="User Registration with mandatory fields" classname="Registration Functionality" time="11.256"/>
  <testcase name="User Registration with All fields" classname="Registration Functionality" time="12.923"/>
  <testcase name="User Registration without Providing any fields" classname="Registration Functionality" time="11.95"/>
  <testcase name="User Registration with duplicate email address" classname="Registration Functionality" time="12.594"/>
  <testcase name="Search for a valid product" classname="Search Functionality" time="9.586"/>
  <testcase name="Search for a Invalid product" classname="Search Functionality" time="35.415">
    <error message="timeout: Timed out receiving message from renderer: 15.000&#10;  (Session info: chrome=109.0.5414.75)&#10;Build info: version: &apos;4.7.2&apos;, revision: &apos;4d4020c3b7&apos;&#10;System info: os.name: &apos;Windows 11&apos;, os.arch: &apos;amd64&apos;, os.version: &apos;10.0&apos;, java.version: &apos;19&apos;&#10;Driver info: org.openqa.selenium.chrome.ChromeDriver&#10;Command: [a592c98716d26a8215d29b7202a18c51, clickElement {id=eec55041-df06-448d-90a2-29d7deb4d8b1}]&#10;Capabilities {acceptInsecureCerts: false, browserName: chrome, browserVersion: 109.0.5414.75, chrome: {chromedriverVersion: 109.0.5414.74 (e7c5703604da..., userDataDir: C:\Users\balu\AppData\Local...}, goog:chromeOptions: {debuggerAddress: localhost:56984}, networkConnectionEnabled: false, pageLoadStrategy: normal, platformName: WINDOWS, proxy: Proxy(), se:cdp: ws://localhost:56984/devtoo..., se:cdpVersion: 109.0.5414.75, setWindowRect: true, strictFileInteractability: false, timeouts: {implicit: 0, pageLoad: 300000, script: 30000}, unhandledPromptBehavior: dismiss and notify, webauthn:extension:credBlob: true, webauthn:extension:largeBlob: true, webauthn:virtualAuthenticators: true}&#10;Element: [[ChromeDriver: chrome on WINDOWS (a592c98716d26a8215d29b7202a18c51)] -&gt; xpath: //button[@class=&apos;btn btn-default btn-lg&apos;]]&#10;Session ID: a592c98716d26a8215d29b7202a18c51" type="org.openqa.selenium.TimeoutException">org.openqa.selenium.TimeoutException: 
timeout: Timed out receiving message from renderer: 15.000
  (Session info: chrome=109.0.5414.75)
Build info: version: '4.7.2', revision: '4d4020c3b7'
System info: os.name: 'Windows 11', os.arch: 'amd64', os.version: '10.0', java.version: '19'
Driver info: org.openqa.selenium.chrome.ChromeDriver
Command: [a592c98716d26a8215d29b7202a18c51, clickElement {id=eec55041-df06-448d-90a2-29d7deb4d8b1}]
Capabilities {acceptInsecureCerts: false, browserName: chrome, browserVersion: 109.0.5414.75, chrome: {chromedriverVersion: 109.0.5414.74 (e7c5703604da..., userDataDir: C:\Users\balu\AppData\Local...}, goog:chromeOptions: {debuggerAddress: localhost:56984}, networkConnectionEnabled: false, pageLoadStrategy: normal, platformName: WINDOWS, proxy: Proxy(), se:cdp: ws://localhost:56984/devtoo..., se:cdpVersion: 109.0.5414.75, setWindowRect: true, strictFileInteractability: false, timeouts: {implicit: 0, pageLoad: 300000, script: 30000}, unhandledPromptBehavior: dismiss and notify, webauthn:extension:credBlob: true, webauthn:extension:largeBlob: true, webauthn:virtualAuthenticators: true}
Element: [[ChromeDriver: chrome on WINDOWS (a592c98716d26a8215d29b7202a18c51)] -> xpath: //button[@class='btn btn-default btn-lg']]
Session ID: a592c98716d26a8215d29b7202a18c51
</error>
    <system-out><![CDATA[
Scenario Outline: Search for a Invalid product                                      &amp#27;[90m# src/test/resources/features/Search.feature:20&amp#27;[0m
  &amp#27;[32mGiven &amp#27;[0m&amp#27;[32muser opens the application&amp#27;[0m                                                  &amp#27;[90m# tests.Search.user_opens_the_application()&amp#27;[0m
  &amp#27;[32mWhen &amp#27;[0m&amp#27;[32muser enters Invalid product into search field &amp#27;[0m&amp#27;[32m&amp#27;[1mhonda&amp#27;[0m                          &amp#27;[90m# tests.Search.user_enters_invalid_product_into_search_field(java.lang.String)&amp#27;[0m
  &amp#27;[31mAnd &amp#27;[0m&amp#27;[31muser clicks on search button&amp#27;[0m                                                  &amp#27;[90m# tests.Search.user_clicks_on_search_button()&amp#27;[0m
      &amp#27;[31morg.openqa.selenium.TimeoutException: timeout: Timed out receiving message from renderer: 15.000
  (Session info: chrome=109.0.5414.75)
Build info: version: '4.7.2', revision: '4d4020c3b7'
System info: os.name: 'Windows 11', os.arch: 'amd64', os.version: '10.0', java.version: '19'
Driver info: org.openqa.selenium.chrome.ChromeDriver
Command: [a592c98716d26a8215d29b7202a18c51, clickElement {id=eec55041-df06-448d-90a2-29d7deb4d8b1}]
Capabilities {acceptInsecureCerts: false, browserName: chrome, browserVersion: 109.0.5414.75, chrome: {chromedriverVersion: 109.0.5414.74 (e7c5703604da..., userDataDir: C:\Users\balu\AppData\Local...}, goog:chromeOptions: {debuggerAddress: localhost:56984}, networkConnectionEnabled: false, pageLoadStrategy: normal, platformName: WINDOWS, proxy: Proxy(), se:cdp: ws://localhost:56984/devtoo..., se:cdpVersion: 109.0.5414.75, setWindowRect: true, strictFileInteractability: false, timeouts: {implicit: 0, pageLoad: 300000, script: 30000}, unhandledPromptBehavior: dismiss and notify, webauthn:extension:credBlob: true, webauthn:extension:largeBlob: true, webauthn:virtualAuthenticators: true}
Element: [[ChromeDriver: chrome on WINDOWS (a592c98716d26a8215d29b7202a18c51)] -> xpath: //button[@class='btn btn-default btn-lg']]
Session ID: a592c98716d26a8215d29b7202a18c51
	at java.base/jdk.internal.reflect.DirectConstructorHandleAccessor.newInstance(DirectConstructorHandleAccessor.java:67)
	at java.base/java.lang.reflect.Constructor.newInstanceWithCaller(Constructor.java:500)
	at java.base/java.lang.reflect.Constructor.newInstance(Constructor.java:484)
	at org.openqa.selenium.remote.codec.w3c.W3CHttpResponseCodec.createException(W3CHttpResponseCodec.java:200)
	at org.openqa.selenium.remote.codec.w3c.W3CHttpResponseCodec.decode(W3CHttpResponseCodec.java:133)
	at org.openqa.selenium.remote.codec.w3c.W3CHttpResponseCodec.decode(W3CHttpResponseCodec.java:53)
	at org.openqa.selenium.remote.HttpCommandExecutor.execute(HttpCommandExecutor.java:184)
	at org.openqa.selenium.remote.service.DriverCommandExecutor.invokeExecute(DriverCommandExecutor.java:167)
	at org.openqa.selenium.remote.service.DriverCommandExecutor.execute(DriverCommandExecutor.java:142)
	at org.openqa.selenium.remote.RemoteWebDriver.execute(RemoteWebDriver.java:535)
	at org.openqa.selenium.remote.RemoteWebElement.execute(RemoteWebElement.java:257)
	at org.openqa.selenium.remote.RemoteWebElement.click(RemoteWebElement.java:78)
	at java.base/jdk.internal.reflect.DirectMethodHandleAccessor.invoke(DirectMethodHandleAccessor.java:104)
	at java.base/java.lang.reflect.Method.invoke(Method.java:578)
	at org.openqa.selenium.support.pagefactory.internal.LocatingElementHandler.invoke(LocatingElementHandler.java:52)
	at jdk.proxy2/jdk.proxy2.$Proxy25.click(Unknown Source)
	at util.ElementUtils.clickOnElement(ElementUtils.java:27)
	at pages.HomePage.clickonsearchbutton(HomePage.java:69)
	at tests.Search.user_clicks_on_search_button(Search.java:33)
	at ✽.user clicks on search button(file:///C:/Users/balu/eclipse-workspace/CucumberTutorialsNinjaProj/src/test/resources/features/Search.feature:16)
&amp#27;[0m
  &amp#27;[36mThen &amp#27;[0m&amp#27;[36mproper text informing the user about no product matching should be displayed&amp#27;[0m &amp#27;[90m# tests.Search.proper_text_informing_the_user_about_no_product_matching_should_be_displayed()&amp#27;[0m

    Embedding Search_for_a_Invalid_product [image/png 77262 bytes]

]]></system-out>
    <system-err><![CDATA[Starting ChromeDriver 109.0.5414.74 (e7c5703604daa9cc128ccf5a5d3e993513758913-refs/branch-heads/5414@{#1172}) on port 21419
Only local connections are allowed.
Please see https://chromedriver.chromium.org/security-considerations for suggestions on keeping ChromeDriver safe.
ChromeDriver was started successfully.
Jan 25, 2023 6:44:12 PM org.openqa.selenium.devtools.CdpVersionFinder findNearestMatch
WARNING: Unable to find an exact match for CDP version 109, so returning the closest version found: 108
[1674652484.873][SEVERE]: Timed out receiving message from renderer: 15.000
[1674652484.874][SEVERE]: Timed out receiving message from renderer: 15.000
]]></system-err>
  </testcase>
  <testcase name="Search Without providing any product" classname="Search Functionality" time="19.588">
    <error message="timeout: Timed out receiving message from renderer: 7.644&#10;  (Session info: chrome=109.0.5414.75)&#10;Build info: version: &apos;4.7.2&apos;, revision: &apos;4d4020c3b7&apos;&#10;System info: os.name: &apos;Windows 11&apos;, os.arch: &apos;amd64&apos;, os.version: &apos;10.0&apos;, java.version: &apos;19&apos;&#10;Driver info: org.openqa.selenium.chrome.ChromeDriver&#10;Command: [72820b9e22cb3e64219ac72847f4864e, get {url=http://www.tutorialsninja.com/demo/}]&#10;Capabilities {acceptInsecureCerts: false, browserName: chrome, browserVersion: 109.0.5414.75, chrome: {chromedriverVersion: 109.0.5414.74 (e7c5703604da..., userDataDir: C:\Users\balu\AppData\Local...}, goog:chromeOptions: {debuggerAddress: localhost:57177}, networkConnectionEnabled: false, pageLoadStrategy: normal, platformName: WINDOWS, proxy: Proxy(), se:cdp: ws://localhost:57177/devtoo..., se:cdpVersion: 109.0.5414.75, setWindowRect: true, strictFileInteractability: false, timeouts: {implicit: 0, pageLoad: 300000, script: 30000}, unhandledPromptBehavior: dismiss and notify, webauthn:extension:credBlob: true, webauthn:extension:largeBlob: true, webauthn:virtualAuthenticators: true}&#10;Session ID: 72820b9e22cb3e64219ac72847f4864e" type="org.openqa.selenium.TimeoutException">org.openqa.selenium.TimeoutException: 
timeout: Timed out receiving message from renderer: 7.644
  (Session info: chrome=109.0.5414.75)
Build info: version: '4.7.2', revision: '4d4020c3b7'
System info: os.name: 'Windows 11', os.arch: 'amd64', os.version: '10.0', java.version: '19'
Driver info: org.openqa.selenium.chrome.ChromeDriver
Command: [72820b9e22cb3e64219ac72847f4864e, get {url=http://www.tutorialsninja.com/demo/}]
Capabilities {acceptInsecureCerts: false, browserName: chrome, browserVersion: 109.0.5414.75, chrome: {chromedriverVersion: 109.0.5414.74 (e7c5703604da..., userDataDir: C:\Users\balu\AppData\Local...}, goog:chromeOptions: {debuggerAddress: localhost:57177}, networkConnectionEnabled: false, pageLoadStrategy: normal, platformName: WINDOWS, proxy: Proxy(), se:cdp: ws://localhost:57177/devtoo..., se:cdpVersion: 109.0.5414.75, setWindowRect: true, strictFileInteractability: false, timeouts: {implicit: 0, pageLoad: 300000, script: 30000}, unhandledPromptBehavior: dismiss and notify, webauthn:extension:credBlob: true, webauthn:extension:largeBlob: true, webauthn:virtualAuthenticators: true}
Session ID: 72820b9e22cb3e64219ac72847f4864e
</error>
    <system-out><![CDATA[
Scenario: Search Without providing any product                                      &amp#27;[90m# src/test/resources/features/Search.feature:22&amp#27;[0m
      &amp#27;[31morg.openqa.selenium.TimeoutException: timeout: Timed out receiving message from renderer: 7.644
  (Session info: chrome=109.0.5414.75)
Build info: version: '4.7.2', revision: '4d4020c3b7'
System info: os.name: 'Windows 11', os.arch: 'amd64', os.version: '10.0', java.version: '19'
Driver info: org.openqa.selenium.chrome.ChromeDriver
Command: [72820b9e22cb3e64219ac72847f4864e, get {url=http://www.tutorialsninja.com/demo/}]
Capabilities {acceptInsecureCerts: false, browserName: chrome, browserVersion: 109.0.5414.75, chrome: {chromedriverVersion: 109.0.5414.74 (e7c5703604da..., userDataDir: C:\Users\balu\AppData\Local...}, goog:chromeOptions: {debuggerAddress: localhost:57177}, networkConnectionEnabled: false, pageLoadStrategy: normal, platformName: WINDOWS, proxy: Proxy(), se:cdp: ws://localhost:57177/devtoo..., se:cdpVersion: 109.0.5414.75, setWindowRect: true, strictFileInteractability: false, timeouts: {implicit: 0, pageLoad: 300000, script: 30000}, unhandledPromptBehavior: dismiss and notify, webauthn:extension:credBlob: true, webauthn:extension:largeBlob: true, webauthn:virtualAuthenticators: true}
Session ID: 72820b9e22cb3e64219ac72847f4864e
	at java.base/jdk.internal.reflect.DirectConstructorHandleAccessor.newInstance(DirectConstructorHandleAccessor.java:67)
	at java.base/java.lang.reflect.Constructor.newInstanceWithCaller(Constructor.java:500)
	at java.base/java.lang.reflect.Constructor.newInstance(Constructor.java:484)
	at org.openqa.selenium.remote.codec.w3c.W3CHttpResponseCodec.createException(W3CHttpResponseCodec.java:200)
	at org.openqa.selenium.remote.codec.w3c.W3CHttpResponseCodec.decode(W3CHttpResponseCodec.java:133)
	at org.openqa.selenium.remote.codec.w3c.W3CHttpResponseCodec.decode(W3CHttpResponseCodec.java:53)
	at org.openqa.selenium.remote.HttpCommandExecutor.execute(HttpCommandExecutor.java:184)
	at org.openqa.selenium.remote.service.DriverCommandExecutor.invokeExecute(DriverCommandExecutor.java:167)
	at org.openqa.selenium.remote.service.DriverCommandExecutor.execute(DriverCommandExecutor.java:142)
	at org.openqa.selenium.remote.RemoteWebDriver.execute(RemoteWebDriver.java:535)
	at org.openqa.selenium.remote.RemoteWebDriver.get(RemoteWebDriver.java:296)
	at hooks.MyHooks.setup(MyHooks.java:21)
&amp#27;[0m
  &amp#27;[36mGiven &amp#27;[0m&amp#27;[36muser opens the application&amp#27;[0m                                                  &amp#27;[90m# tests.Search.user_opens_the_application()&amp#27;[0m
  &amp#27;[36mWhen &amp#27;[0m&amp#27;[36muser dont enters any product into search field&amp#27;[0m                               &amp#27;[90m# tests.Search.user_dont_enters_any_product_into_search_field()&amp#27;[0m
  &amp#27;[36mAnd &amp#27;[0m&amp#27;[36muser clicks on search button&amp#27;[0m                                                  &amp#27;[90m# tests.Search.user_clicks_on_search_button()&amp#27;[0m
  &amp#27;[36mThen &amp#27;[0m&amp#27;[36mproper text informing the user about no product matching should be displayed&amp#27;[0m &amp#27;[90m# tests.Search.proper_text_informing_the_user_about_no_product_matching_should_be_displayed()&amp#27;[0m

    Embedding Search_Without_providing_any_product [image/png 37930 bytes]

]]></system-out>
    <system-err><![CDATA[Starting ChromeDriver 109.0.5414.74 (e7c5703604daa9cc128ccf5a5d3e993513758913-refs/branch-heads/5414@{#1172}) on port 18436
Only local connections are allowed.
Please see https://chromedriver.chromium.org/security-considerations for suggestions on keeping ChromeDriver safe.
ChromeDriver was started successfully.
Jan 25, 2023 6:44:48 PM org.openqa.selenium.devtools.CdpVersionFinder findNearestMatch
WARNING: Unable to find an exact match for CDP version 109, so returning the closest version found: 108
[1674652505.292][SEVERE]: Timed out receiving message from renderer: 7.644
[1674652505.293][SEVERE]: Timed out receiving message from renderer: 7.644
]]></system-err>
  </testcase>
</testsuite>